<?xml version="1.0" encoding="UTF-8"?>
<!-- Generated by org.testng.reporters.JUnitReportReporter -->
<testsuite hostname="DESKTOP-QPBI68O" failures="0" tests="2" name="com.techblog.scripts.TestClassRejectPost" time="22.859" errors="0" timestamp="2022-03-21T08:31:47 IST" skipped="0">
  <testcase classname="com.techblog.scripts.TestClassRejectPost" name="Rejectpost" time="21.505"/>
  <system-out/>
  <testcase classname="com.techblog.scripts.TestClassRejectPost" name="Logoutadmin" time="1.354"/>
  <system-out/>
</testsuite> <!-- com.techblog.scripts.TestClassRejectPost -->
