<?xml version="1.0" encoding="UTF-8"?>
<!-- Generated by org.testng.reporters.JUnitReportReporter -->
<testsuite hostname="DESKTOP-QPBI68O" failures="0" tests="4" name="com.techblog.scripts.TestClass" time="23.269" errors="0" timestamp="2022-03-21T08:31:47 IST" skipped="0">
  <testcase classname="com.techblog.scripts.TestClass" name="verifyValidLogin" time="10.518"/>
  <system-out/>
  <testcase classname="com.techblog.scripts.TestClass" name="Verify_AdminHome" time="3.659"/>
  <system-out/>
  <testcase classname="com.techblog.scripts.TestClass" name="mypost" time="4.647"/>
  <system-out/>
  <testcase classname="com.techblog.scripts.TestClass" name="aboutus" time="4.445"/>
  <system-out/>
</testsuite> <!-- com.techblog.scripts.TestClass -->
