<?xml version="1.0" encoding="UTF-8"?>
<!-- Generated by org.testng.reporters.JUnitReportReporter -->
<testsuite hostname="DESKTOP-QPBI68O" failures="0" tests="1" name="com.techblog.scripts.TestClass5" time="29.452" errors="0" timestamp="2022-03-18T12:19:26 IST" skipped="0">
  <testcase classname="com.techblog.scripts.TestClass5" name="Add_category" time="29.452"/>
  <system-out/>
</testsuite> <!-- com.techblog.scripts.TestClass5 -->
