<?xml version="1.0" encoding="UTF-8"?>
<!-- Generated by org.testng.reporters.JUnitReportReporter -->
<testsuite hostname="LAPTOP-K3QBATNT" failures="0" tests="1" name="com.techblog.scripts.TestClass" time="17.458" errors="0" timestamp="2022-03-20T15:57:49 IST" skipped="0">
  <testcase classname="com.techblog.scripts.TestClass" name="verifyValidUserSignup" time="17.458"/>
  <system-out/>
</testsuite> <!-- com.techblog.scripts.TestClass -->
