<?xml version="1.0" encoding="UTF-8"?>
<!-- Generated by org.testng.reporters.JUnitReportReporter -->
<testsuite hostname="DESKTOP-QPBI68O" failures="0" tests="1" name="com.techblog.scripts.TestClassAddCategory" time="29.178" errors="0" timestamp="2022-03-21T08:31:47 IST" skipped="0">
  <testcase classname="com.techblog.scripts.TestClassAddCategory" name="Add_category" time="29.178"/>
  <system-out/>
</testsuite> <!-- com.techblog.scripts.TestClassAddCategory -->
