<?xml version="1.0" encoding="UTF-8"?>
<!-- Generated by org.testng.reporters.JUnitReportReporter -->
<testsuite hostname="DESKTOP-QPBI68O" failures="0" tests="1" name="com.techblog.scripts.TestClass3" time="10.750" errors="0" timestamp="2022-03-18T12:19:26 IST" skipped="0">
  <testcase classname="com.techblog.scripts.TestClass3" name="Remove_CategoryAdmin" time="10.750"/>
  <system-out/>
</testsuite> <!-- com.techblog.scripts.TestClass3 -->
