<?xml version="1.0" encoding="UTF-8"?>
<!-- Generated by org.testng.reporters.JUnitReportReporter -->
<testsuite hostname="LAPTOP-R6T11AUG" failures="0" tests="1" name="com.ictaktechblog.scripts.TestClass" time="3.404" errors="0" timestamp="2022-03-04T20:15:07 IST" skipped="0">
  <testcase classname="com.ictaktechblog.scripts.TestClass" name="verifyValidLogin" time="3.404"/>
  <system-out/>
</testsuite> <!-- com.ictaktechblog.scripts.TestClass -->
