<?xml version="1.0" encoding="UTF-8"?>
<!-- Generated by org.testng.reporters.JUnitReportReporter -->
<testsuite hostname="LAPTOP-R6T11AUG" failures="0" tests="2" name="com.ictaktechblog.scripts.TestCase2" time="30.881" errors="0" timestamp="2022-03-17T23:15:01 IST" skipped="0">
  <testcase classname="com.ictaktechblog.scripts.TestCase2" name="VerifyApprove" time="15.965"/>
  <system-out/>
  <testcase classname="com.ictaktechblog.scripts.TestCase2" name="verifyReject" time="14.916"/>
  <system-out/>
</testsuite> <!-- com.ictaktechblog.scripts.TestCase2 -->
