<?xml version="1.0" encoding="UTF-8"?>
<!-- Generated by org.testng.reporters.JUnitReportReporter -->
<testsuite hostname="LAPTOP-R6T11AUG" failures="0" tests="3" name="com.ictaktechblog.scripts.TestCase4" time="16.444" errors="0" timestamp="2022-03-17T23:15:01 IST" skipped="0">
  <testcase classname="com.ictaktechblog.scripts.TestCase4" name="verifyRemoveCategory" time="4.696"/>
  <system-out/>
  <testcase classname="com.ictaktechblog.scripts.TestCase4" name="verifyAddCategory" time="8.553"/>
  <system-out/>
  <testcase classname="com.ictaktechblog.scripts.TestCase4" name="verifyAddCategoryValidation" time="3.195"/>
  <system-out/>
</testsuite> <!-- com.ictaktechblog.scripts.TestCase4 -->
