<?xml version="1.0" encoding="UTF-8"?>
<!-- Generated by org.testng.reporters.JUnitReportReporter -->
<testsuite hostname="LAPTOP-R6T11AUG" failures="0" tests="6" name="com.ictaktechblog.scripts.TestCase" time="37.429" errors="0" timestamp="2022-03-17T23:15:01 IST" skipped="0">
  <testcase classname="com.ictaktechblog.scripts.TestCase" name="verifyValidLogin" time="5.586"/>
  <system-out/>
  <testcase classname="com.ictaktechblog.scripts.TestCase" name="verifyCreateTrainerPosts" time="5.729"/>
  <system-out/>
  <testcase classname="com.ictaktechblog.scripts.TestCase" name="verifyLogout" time="2.307"/>
  <system-out/>
  <testcase classname="com.ictaktechblog.scripts.TestCase" name="verifyAdminValidLogin" time="3.281"/>
  <system-out/>
  <testcase classname="com.ictaktechblog.scripts.TestCase" name="verifyCreateAdminPosts" time="10.488"/>
  <system-out/>
  <testcase classname="com.ictaktechblog.scripts.TestCase" name="verifyCreateUserPosts" time="10.038"/>
  <system-out/>
</testsuite> <!-- com.ictaktechblog.scripts.TestCase -->
